2016-09-20 8:26:02 - START:
2016-09-20 8:26:02 - Mozilla/5.0 (Windows NT 6.1; WOW64; rv:48.0) Gecko/20100101 Firefox/48.0
2016-09-20 8:26:02 - Basename:146459445218872.rar
2016-09-20 8:26:02 - Error: error file mime type:application/x-msdownload
2016-09-20 8:32:26 - START:
2016-09-20 8:32:26 - Mozilla/5.0 (Windows NT 6.1; WOW64; rv:48.0) Gecko/20100101 Firefox/48.0
2016-09-20 8:32:26 - Basename:gerber.txt
2016-09-20 8:32:30 - START:
2016-09-20 8:32:30 - Mozilla/5.0 (Windows NT 6.1; WOW64; rv:47.0) Gecko/20100101 Firefox/47.0
2016-09-20 8:32:30 - Basename:123123123123.rar
2016-09-20 8:40:14 - START:
2016-09-20 8:40:14 - Mozilla/5.0 (Windows NT 6.1; WOW64; rv:48.0) Gecko/20100101 Firefox/48.0
2016-09-20 8:40:14 - Basename:1haodian.txt
2016-09-20 8:40:35 - START:
2016-09-20 8:40:35 - Mozilla/5.0 (Windows NT 6.1; WOW64; rv:48.0) Gecko/20100101 Firefox/48.0
2016-09-20 8:40:35 - Basename:gerber.txt
2016-09-20 8:40:45 - START:
2016-09-20 8:40:45 - Mozilla/5.0 (Windows NT 6.1; WOW64; rv:48.0) Gecko/20100101 Firefox/48.0
2016-09-20 8:40:45 - Basename:146459445218872.rar
2016-09-20 8:40:45 - Error: error file mime type:application/x-msdownload
2016-09-20 8:41:39 - START:
2016-09-20 8:41:39 - Mozilla/5.0 (Windows NT 6.1; WOW64; rv:47.0) Gecko/20100101 Firefox/47.0
2016-09-20 8:41:39 - Basename:146459445218872.rar
2016-09-20 8:41:39 - START:
2016-09-20 8:41:39 - Mozilla/5.0 (Windows NT 6.1; WOW64; rv:47.0) Gecko/20100101 Firefox/47.0
2016-09-20 8:41:39 - Basename:146459445218872.rar
2016-09-20 8:41:39 - START:
2016-09-20 8:41:39 - Mozilla/5.0 (Windows NT 6.1; WOW64; rv:47.0) Gecko/20100101 Firefox/47.0
2016-09-20 8:41:39 - Basename:146459445218872.rar
2016-09-20 8:41:40 - START:
2016-09-20 8:41:40 - Mozilla/5.0 (Windows NT 6.1; WOW64; rv:47.0) Gecko/20100101 Firefox/47.0
2016-09-20 8:41:40 - Basename:146459445218872.rar
2016-09-20 8:41:45 - START:
2016-09-20 8:41:45 - Mozilla/5.0 (Windows NT 6.1; WOW64; rv:47.0) Gecko/20100101 Firefox/47.0
2016-09-20 8:41:45 - Basename:146459445218872.rar
2016-09-20 8:41:46 - START:
2016-09-20 8:41:46 - Mozilla/5.0 (Windows NT 6.1; WOW64; rv:47.0) Gecko/20100101 Firefox/47.0
2016-09-20 8:41:46 - Basename:146459445218872.rar
2016-09-20 8:41:47 - START:
2016-09-20 8:41:47 - Mozilla/5.0 (Windows NT 6.1; WOW64; rv:47.0) Gecko/20100101 Firefox/47.0
2016-09-20 8:41:47 - Basename:146459445218872.rar
2016-09-20 8:42:35 - START:
2016-09-20 8:42:35 - Mozilla/5.0 (Windows NT 6.1; WOW64; rv:47.0) Gecko/20100101 Firefox/47.0
2016-09-20 8:42:35 - Basename:146459445218872.rar
2016-09-20 8:46:10 - START:
2016-09-20 8:46:10 - Mozilla/5.0 (Windows NT 6.1; WOW64; rv:48.0) Gecko/20100101 Firefox/48.0
2016-09-20 8:46:10 - Basename:SP13657-2-AFEpcb.zip
2016-09-20 8:46:12 - START:
2016-09-20 8:46:12 - Mozilla/5.0 (Windows NT 6.1; WOW64; rv:48.0) Gecko/20100101 Firefox/48.0
2016-09-20 8:46:12 - Basename:SP13657-2-AFEpcb.zip
2016-09-20 8:46:13 - START:
2016-09-20 8:46:13 - Mozilla/5.0 (Windows NT 6.1; WOW64; rv:48.0) Gecko/20100101 Firefox/48.0
2016-09-20 8:46:13 - Basename:SP13657-2-AFEpcb.zip
2016-09-20 8:46:13 - START:
2016-09-20 8:46:13 - Mozilla/5.0 (Windows NT 6.1; WOW64; rv:48.0) Gecko/20100101 Firefox/48.0
2016-09-20 8:46:13 - Basename:SP13657-2-AFEpcb.zip
2016-09-20 8:46:14 - START:
2016-09-20 8:46:14 - Mozilla/5.0 (Windows NT 6.1; WOW64; rv:48.0) Gecko/20100101 Firefox/48.0
2016-09-20 8:46:14 - Basename:SP13657-2-AFEpcb.zip
2016-09-20 8:46:14 - START:
2016-09-20 8:46:14 - Mozilla/5.0 (Windows NT 6.1; WOW64; rv:48.0) Gecko/20100101 Firefox/48.0
2016-09-20 8:46:14 - Basename:SP13657-2-AFEpcb.zip
2016-09-20 8:46:14 - START:
2016-09-20 8:46:14 - Mozilla/5.0 (Windows NT 6.1; WOW64; rv:48.0) Gecko/20100101 Firefox/48.0
2016-09-20 8:46:14 - Basename:SP13657-2-AFEpcb.zip
2016-09-20 8:46:16 - START:
2016-09-20 8:46:16 - Mozilla/5.0 (Windows NT 6.1; WOW64; rv:48.0) Gecko/20100101 Firefox/48.0
2016-09-20 8:46:16 - Basename:SP13657-2-AFEpcb.zip
2016-09-20 8:46:21 - START:
2016-09-20 8:46:21 - Mozilla/5.0 (Windows NT 6.1; WOW64; rv:48.0) Gecko/20100101 Firefox/48.0
2016-09-20 8:46:21 - Basename:SP13657-2-AFEpcb.zip
2016-09-20 8:46:24 - START:
2016-09-20 8:46:24 - Mozilla/5.0 (Windows NT 6.1; WOW64; rv:48.0) Gecko/20100101 Firefox/48.0
2016-09-20 8:46:24 - Basename:SP13657-2-AFEpcb.zip
2016-09-20 8:46:25 - START:
2016-09-20 8:46:25 - Mozilla/5.0 (Windows NT 6.1; WOW64; rv:48.0) Gecko/20100101 Firefox/48.0
2016-09-20 8:46:25 - Basename:SP13657-2-AFEpcb.zip
2016-09-20 8:46:25 - START:
2016-09-20 8:46:25 - Mozilla/5.0 (Windows NT 6.1; WOW64; rv:48.0) Gecko/20100101 Firefox/48.0
2016-09-20 8:46:25 - Basename:SP13657-2-AFEpcb.zip
2016-09-20 8:46:27 - START:
2016-09-20 8:46:27 - Mozilla/5.0 (Windows NT 6.1; WOW64; rv:48.0) Gecko/20100101 Firefox/48.0
2016-09-20 8:46:27 - Basename:SP13657-2-AFEpcb.zip
2016-09-20 8:46:27 - START:
2016-09-20 8:46:27 - Mozilla/5.0 (Windows NT 6.1; WOW64; rv:48.0) Gecko/20100101 Firefox/48.0
2016-09-20 8:46:27 - Basename:SP13657-2-AFEpcb.zip
2016-09-20 8:46:27 - START:
2016-09-20 8:46:27 - Mozilla/5.0 (Windows NT 6.1; WOW64; rv:48.0) Gecko/20100101 Firefox/48.0
2016-09-20 8:46:27 - Basename:SP13657-2-AFEpcb.zip
2016-09-20 8:46:27 - START:
2016-09-20 8:46:27 - Mozilla/5.0 (Windows NT 6.1; WOW64; rv:48.0) Gecko/20100101 Firefox/48.0
2016-09-20 8:46:27 - Basename:SP13657-2-AFEpcb.zip
2016-09-20 8:46:28 - START:
2016-09-20 8:46:28 - Mozilla/5.0 (Windows NT 6.1; WOW64; rv:48.0) Gecko/20100101 Firefox/48.0
2016-09-20 8:46:28 - Basename:SP13657-2-AFEpcb.zip
2016-09-20 8:46:29 - START:
2016-09-20 8:46:29 - Mozilla/5.0 (Windows NT 6.1; WOW64; rv:48.0) Gecko/20100101 Firefox/48.0
2016-09-20 8:46:29 - Basename:SP13657-2-AFEpcb.zip
2016-09-20 8:46:30 - START:
2016-09-20 8:46:30 - Mozilla/5.0 (Windows NT 6.1; WOW64; rv:48.0) Gecko/20100101 Firefox/48.0
2016-09-20 8:46:30 - Basename:SP13657-2-AFEpcb.zip
2016-09-20 8:46:31 - START:
2016-09-20 8:46:31 - Mozilla/5.0 (Windows NT 6.1; WOW64; rv:48.0) Gecko/20100101 Firefox/48.0
2016-09-20 8:46:31 - Basename:SP13657-2-AFEpcb.zip
2016-09-20 8:46:32 - START:
2016-09-20 8:46:32 - Mozilla/5.0 (Windows NT 6.1; WOW64; rv:48.0) Gecko/20100101 Firefox/48.0
2016-09-20 8:46:32 - Basename:SP13657-2-AFEpcb.zip
2016-09-20 8:46:33 - START:
2016-09-20 8:46:33 - Mozilla/5.0 (Windows NT 6.1; WOW64; rv:48.0) Gecko/20100101 Firefox/48.0
2016-09-20 8:46:33 - Basename:SP13657-2-AFEpcb.zip
2016-09-20 8:46:35 - START:
2016-09-20 8:46:35 - Mozilla/5.0 (Windows NT 6.1; WOW64; rv:48.0) Gecko/20100101 Firefox/48.0
2016-09-20 8:46:35 - Basename:SP13657-2-AFEpcb.zip
2016-09-20 8:46:51 - START:
2016-09-20 8:46:51 - Mozilla/5.0 (Windows NT 6.1; WOW64; rv:48.0) Gecko/20100101 Firefox/48.0
2016-09-20 8:46:51 - Basename:SP13657-2-AFEpcb.zip
2016-09-20 8:47:00 - START:
2016-09-20 8:47:00 - Mozilla/5.0 (Windows NT 6.1; WOW64; rv:48.0) Gecko/20100101 Firefox/48.0
2016-09-20 8:47:00 - Basename:SP13657-2-AFEpcb.zip
2016-09-20 8:49:11 - START:
2016-09-20 8:49:11 - Mozilla/5.0 (Windows NT 6.1; WOW64; rv:48.0) Gecko/20100101 Firefox/48.0
2016-09-20 8:49:11 - Basename:SP13657-2-AFEpcb.zip
2016-09-20 8:49:11 - START:
2016-09-20 8:49:11 - Mozilla/5.0 (Windows NT 6.1; WOW64; rv:48.0) Gecko/20100101 Firefox/48.0
2016-09-20 8:49:11 - Basename:SP13657-2-AFEpcb.zip
2016-09-20 8:49:12 - START:
2016-09-20 8:49:12 - Mozilla/5.0 (Windows NT 6.1; WOW64; rv:48.0) Gecko/20100101 Firefox/48.0
2016-09-20 8:49:12 - Basename:SP13657-2-AFEpcb.zip
2016-09-20 8:49:12 - START:
2016-09-20 8:49:12 - Mozilla/5.0 (Windows NT 6.1; WOW64; rv:48.0) Gecko/20100101 Firefox/48.0
2016-09-20 8:49:12 - Basename:SP13657-2-AFEpcb.zip
2016-09-20 8:49:13 - START:
2016-09-20 8:49:13 - Mozilla/5.0 (Windows NT 6.1; WOW64; rv:48.0) Gecko/20100101 Firefox/48.0
2016-09-20 8:49:13 - Basename:SP13657-2-AFEpcb.zip
2016-09-20 8:49:14 - START:
2016-09-20 8:49:14 - Mozilla/5.0 (Windows NT 6.1; WOW64; rv:48.0) Gecko/20100101 Firefox/48.0
2016-09-20 8:49:14 - Basename:SP13657-2-AFEpcb.zip
2016-09-20 8:49:15 - START:
2016-09-20 8:49:15 - Mozilla/5.0 (Windows NT 6.1; WOW64; rv:48.0) Gecko/20100101 Firefox/48.0
2016-09-20 8:49:15 - Basename:SP13657-2-AFEpcb.zip
2016-09-20 8:49:15 - START:
2016-09-20 8:49:15 - Mozilla/5.0 (Windows NT 6.1; WOW64; rv:48.0) Gecko/20100101 Firefox/48.0
2016-09-20 8:49:15 - Basename:SP13657-2-AFEpcb.zip
2016-09-20 8:49:16 - START:
2016-09-20 8:49:16 - Mozilla/5.0 (Windows NT 6.1; WOW64; rv:48.0) Gecko/20100101 Firefox/48.0
2016-09-20 8:49:16 - Basename:SP13657-2-AFEpcb.zip
2016-09-20 8:49:20 - START:
2016-09-20 8:49:20 - Mozilla/5.0 (Windows NT 6.1; WOW64; rv:48.0) Gecko/20100101 Firefox/48.0
2016-09-20 8:49:20 - Basename:SP13657-2-AFEpcb.zip
2016-09-20 8:49:20 - START:
2016-09-20 8:49:20 - Mozilla/5.0 (Windows NT 6.1; WOW64; rv:48.0) Gecko/20100101 Firefox/48.0
2016-09-20 8:49:20 - Basename:SP13657-2-AFEpcb.zip
2016-09-20 8:49:24 - START:
2016-09-20 8:49:24 - Mozilla/5.0 (Windows NT 6.1; WOW64; rv:48.0) Gecko/20100101 Firefox/48.0
2016-09-20 8:49:24 - Basename:SP13657-2-AFEpcb.zip
2016-09-20 8:49:31 - START:
2016-09-20 8:49:31 - Mozilla/5.0 (Windows NT 6.1; WOW64; rv:48.0) Gecko/20100101 Firefox/48.0
2016-09-20 8:49:31 - Basename:SP13657-2-AFEpcb.zip
2016-09-20 8:50:38 - START:
2016-09-20 8:50:38 - Mozilla/5.0 (Windows NT 6.1; WOW64; rv:48.0) Gecko/20100101 Firefox/48.0
2016-09-20 8:50:38 - Basename:SP13657-2-AFEpcb.zip
2016-09-20 8:50:39 - START:
2016-09-20 8:50:39 - Mozilla/5.0 (Windows NT 6.1; WOW64; rv:48.0) Gecko/20100101 Firefox/48.0
2016-09-20 8:50:39 - Basename:SP13657-2-AFEpcb.zip
2016-09-20 8:50:40 - START:
2016-09-20 8:50:40 - Mozilla/5.0 (Windows NT 6.1; WOW64; rv:48.0) Gecko/20100101 Firefox/48.0
2016-09-20 8:50:40 - Basename:SP13657-2-AFEpcb.zip
2016-09-20 8:50:40 - START:
2016-09-20 8:50:40 - Mozilla/5.0 (Windows NT 6.1; WOW64; rv:48.0) Gecko/20100101 Firefox/48.0
2016-09-20 8:50:40 - Basename:SP13657-2-AFEpcb.zip
2016-09-20 8:50:41 - START:
2016-09-20 8:50:41 - Mozilla/5.0 (Windows NT 6.1; WOW64; rv:48.0) Gecko/20100101 Firefox/48.0
2016-09-20 8:50:41 - Basename:SP13657-2-AFEpcb.zip
2016-09-20 8:50:43 - START:
2016-09-20 8:50:43 - Mozilla/5.0 (Windows NT 6.1; WOW64; rv:48.0) Gecko/20100101 Firefox/48.0
2016-09-20 8:50:43 - Basename:SP13657-2-AFEpcb.zip
2016-09-20 8:50:44 - START:
2016-09-20 8:50:44 - Mozilla/5.0 (Windows NT 6.1; WOW64; rv:48.0) Gecko/20100101 Firefox/48.0
2016-09-20 8:50:44 - Basename:SP13657-2-AFEpcb.zip
2016-09-20 8:50:45 - START:
2016-09-20 8:50:45 - Mozilla/5.0 (Windows NT 6.1; WOW64; rv:48.0) Gecko/20100101 Firefox/48.0
2016-09-20 8:50:45 - Basename:SP13657-2-AFEpcb.zip
2016-09-20 8:50:45 - START:
2016-09-20 8:50:45 - Mozilla/5.0 (Windows NT 6.1; WOW64; rv:48.0) Gecko/20100101 Firefox/48.0
2016-09-20 8:50:45 - Basename:SP13657-2-AFEpcb.zip
2016-09-20 8:50:46 - START:
2016-09-20 8:50:46 - Mozilla/5.0 (Windows NT 6.1; WOW64; rv:48.0) Gecko/20100101 Firefox/48.0
2016-09-20 8:50:46 - Basename:SP13657-2-AFEpcb.zip
2016-09-20 8:50:47 - START:
2016-09-20 8:50:47 - Mozilla/5.0 (Windows NT 6.1; WOW64; rv:48.0) Gecko/20100101 Firefox/48.0
2016-09-20 8:50:47 - Basename:SP13657-2-AFEpcb.zip
2016-09-20 8:50:51 - START:
2016-09-20 8:50:51 - Mozilla/5.0 (Windows NT 6.1; WOW64; rv:48.0) Gecko/20100101 Firefox/48.0
2016-09-20 8:50:51 - Basename:SP13657-2-AFEpcb.zip
2016-09-20 8:52:45 - START:
2016-09-20 8:52:45 - Mozilla/5.0 (Windows NT 6.1; WOW64; rv:48.0) Gecko/20100101 Firefox/48.0
2016-09-20 8:52:45 - Basename:lamp-matrix-test-B.Cu.gbl.zip
2016-09-20 8:56:45 - START:
2016-09-20 8:56:45 - Mozilla/5.0 (Windows NT 6.1; WOW64; rv:48.0) Gecko/20100101 Firefox/48.0
2016-09-20 8:56:45 - Basename:146459445218872.rar
2016-09-20 9:05:13 - START:
2016-09-20 9:05:13 - Mozilla/5.0 (X11; Linux x86_64; rv:48.0) Gecko/20100101 Firefox/48.0
2016-09-20 9:05:13 - Basename:lamp-matrix-test-B.Cu.gbl.zip
2016-09-20 9:05:13 - Error: error file mime type:application/jar
2016-09-20 9:06:38 - START:
2016-09-20 9:06:38 - Mozilla/5.0 (X11; Linux x86_64; rv:48.0) Gecko/20100101 Firefox/48.0
2016-09-20 9:06:38 - Basename:lamp-matrix-test-B.Cu.gbl.zip
2016-09-20 9:06:38 - Error: error file mime type:application/jar
2016-09-20 9:07:13 - START:
2016-09-20 9:07:13 - Mozilla/5.0 (X11; Linux x86_64; rv:48.0) Gecko/20100101 Firefox/48.0
2016-09-20 9:07:13 - Basename:lamp-matrix-test-B.Mask.gbs
2016-09-20 9:07:13 - Error: error file extension type:gbs
2016-09-20 10:33:25 - START:
2016-09-20 10:33:25 - Mozilla/5.0 (Windows NT 6.3; WOW64; rv:48.0) Gecko/20100101 Firefox/48.0
2016-09-20 10:33:25 - Basename:Control54T TLC2A Com Anode 2016-09-20.rar
2016-09-20 11:14:58 - START:
2016-09-20 11:14:58 - Mozilla/5.0 (Windows NT 6.1; WOW64) AppleWebKit/537.36 (KHTML, like Gecko) Chrome/53.0.2785.116 Safari/537.36
2016-09-20 11:14:58 - Basename:90004.zip
2016-09-20 11:23:12 - START:
2016-09-20 11:23:12 - Mozilla/5.0 (Windows NT 6.1; rv:48.0) Gecko/20100101 Firefox/48.0
2016-09-20 11:23:12 - Basename:GERBERY.rar
2016-09-20 11:39:22 - START:
2016-09-20 11:39:22 - Mozilla/5.0 (X11; Ubuntu; Linux x86_64; rv:48.0) Gecko/20100101 Firefox/48.0
2016-09-20 11:39:22 - Basename:gerberfiles.zip
2016-09-20 12:19:11 - START:
2016-09-20 12:19:11 - Mozilla/5.0 (Windows NT 6.3; WOW64; rv:43.0) Gecko/20100101 Firefox/43.0
2016-09-20 12:19:11 - Basename:gerber.zip
2016-09-20 12:20:28 - START:
2016-09-20 12:20:28 - Mozilla/5.0 (Windows NT 6.3; WOW64; rv:43.0) Gecko/20100101 Firefox/43.0
2016-09-20 12:20:28 - Basename:gerber.zip
2016-09-20 13:10:29 - START:
2016-09-20 13:10:29 - Mozilla/5.0 (Windows NT 6.3; WOW64; rv:48.0) Gecko/20100101 Firefox/48.0
2016-09-20 13:10:29 - Basename:audioI2S.zip
2016-09-20 13:11:01 - START:
2016-09-20 13:11:01 - Mozilla/5.0 (Windows NT 6.3; WOW64; rv:48.0) Gecko/20100101 Firefox/48.0
2016-09-20 13:11:01 - Basename:audioI2S.zip
2016-09-20 15:09:10 - START:
2016-09-20 15:09:10 - Mozilla/5.0 (Windows NT 10.0; Win64; x64) AppleWebKit/537.36 (KHTML, like Gecko) Chrome/53.0.2785.116 Safari/537.36
2016-09-20 15:09:10 - Basename:MIV3LED1.1.1geber.zip
2016-09-20 15:11:27 - START:
2016-09-20 15:11:27 - Mozilla/5.0 (Windows NT 10.0; Win64; x64) AppleWebKit/537.36 (KHTML, like Gecko) Chrome/53.0.2785.116 Safari/537.36
2016-09-20 15:11:27 - Basename:IV3LED1.2.2Gerber.zip
2016-09-20 15:12:55 - START:
2016-09-20 15:12:55 - Mozilla/5.0 (Windows NT 10.0; Win64; x64) AppleWebKit/537.36 (KHTML, like Gecko) Chrome/53.0.2785.116 Safari/537.36
2016-09-20 15:12:55 - Basename:IV10LED1.2.2Gerber.zip
2016-09-20 15:14:30 - START:
2016-09-20 15:14:30 - Mozilla/5.0 (Windows NT 10.0; Win64; x64) AppleWebKit/537.36 (KHTML, like Gecko) Chrome/53.0.2785.116 Safari/537.36
2016-09-20 15:14:30 - Basename:IV24LED1.3.3Gerber.zip
2016-09-20 18:33:51 - START:
2016-09-20 18:33:51 - Mozilla/5.0 (Windows NT 6.1; WOW64) AppleWebKit/537.36 (KHTML, like Gecko) Chrome/38.0.2125.104 Safari/537.36
2016-09-20 18:33:51 - Basename:RequirementsPlease read me before prototyping .docx
2016-09-20 18:33:51 - Error: error file extension type:docx
2016-09-20 18:33:51 - Error: error file mime type:application/vnd.openxmlformats-officedocument.wordprocessingml.document
2016-09-20 18:34:37 - START:
2016-09-20 18:34:37 - Mozilla/5.0 (Windows NT 6.1; WOW64) AppleWebKit/537.36 (KHTML, like Gecko) Chrome/38.0.2125.104 Safari/537.36
2016-09-20 18:34:37 - Basename:Gerber Files and Requirements of PCB antenna.zip
2016-09-20 20:17:51 - START:
2016-09-20 20:17:51 - Mozilla/5.0 (Windows NT 10.0; WOW64) AppleWebKit/537.36 (KHTML, like Gecko) Chrome/49.0.2623.22 Safari/537.36 SE 2.X MetaSr 1.0
2016-09-20 20:17:51 - Basename:SP-13623-2-Gerberyclient.rar
2016-09-20 20:18:05 - START:
2016-09-20 20:18:05 - Mozilla/5.0 (Windows NT 10.0; WOW64) AppleWebKit/537.36 (KHTML, like Gecko) Chrome/49.0.2623.22 Safari/537.36 SE 2.X MetaSr 1.0
2016-09-20 20:18:05 - Basename:SP--13613-Gerber.zip
2016-09-20 20:19:26 - START:
2016-09-20 20:19:26 - Mozilla/5.0 (Windows NT 10.0; WOW64) AppleWebKit/537.36 (KHTML, like Gecko) Chrome/49.0.2623.22 Safari/537.36 SE 2.X MetaSr 1.0
2016-09-20 20:19:26 - Basename:SP-13623-2-Gerberyclient.rar
